20230520	19:57:46	904c2e4c-9709-4347-b818-6fbab9642b8b	POST	/api/login	http://localhost:3000
20230520	19:57:47	7a4c831e-375d-4a1d-b990-fdf0a034fc9e	GET	/api/todos	http://localhost:3000
20230520	19:57:57	bd5cc173-6d9b-421d-b666-e0b9de634a28	POST	/api/todos	http://localhost:3000
20230520	19:57:57	e1aca7a9-e50e-47b4-a457-aead3f19c230	POST	/api/todos	http://localhost:3000
20230520	19:57:57	3962bf2d-aec0-403c-9e24-f6f7ab5486a6	GET	/api/refresh	http://localhost:3000
20230520	19:57:57	600cdbac-fe60-4737-8f34-8ed63fc6ffc7	GET	/api/refresh	http://localhost:3000
20230522	13:10:44	98cbaf0d-3c2b-4e4d-a721-ab33f6039e84	POST	/api/login	http://localhost:3000
20230522	13:10:44	930c1998-5f96-42d9-ad77-878d45248f2e	GET	/api/todos	http://localhost:3000
20230522	13:11:22	5c6f42a4-bdd8-43df-9c03-30e1fe5646a7	POST	/api/todos	http://localhost:3000
20230522	13:11:22	eef2372f-55bb-476b-9456-417ff1561108	POST	/api/todos	http://localhost:3000
20230522	13:11:23	cd1cf278-9edf-4d0e-84b1-98cb3950703d	GET	/api/refresh	http://localhost:3000
20230522	13:11:23	cc3f4112-718c-4c54-bcca-0280ffaab1b6	GET	/api/refresh	http://localhost:3000
20230522	13:16:32	688ee7bc-3da6-4294-b07a-c346e36c7127	POST	/api/login	http://localhost:3000
20230522	13:16:32	bd7bab0b-cd4a-4bbd-a407-cab6d4968f90	GET	/api/todos	http://localhost:3000
20230522	13:16:46	7ca3ae54-273d-4695-a44d-1113d9070f40	POST	/api/todos	http://localhost:3000
20230522	13:16:46	825b7df0-188e-4e1e-90db-118ab0ce9005	POST	/api/todos	http://localhost:3000
20230522	13:16:46	6c8c173a-11ba-4f67-ab0c-4402bd08b719	GET	/api/refresh	http://localhost:3000
20230522	13:16:46	ece68826-d919-437b-96e1-39c28bc41619	GET	/api/refresh	http://localhost:3000
20230522	13:47:17	151f00fe-3b1d-4e73-85de-69ed33c23ec3	POST	/api/login	http://localhost:3000
20230522	13:47:18	79918b13-a572-432d-a26e-0cc90c67adf3	GET	/api/todos	http://localhost:3000
20230522	13:47:29	469f9fca-cb2a-4b88-a3c9-b1edccc7c8b9	POST	/api/todos	http://localhost:3000
20230522	13:47:29	4d331a7b-2be0-41a5-987e-c9f5e1a1bcdd	POST	/api/todos	http://localhost:3000
20230522	13:47:29	b3c45ab8-0b21-42aa-bcc6-412d67203333	GET	/api/refresh	http://localhost:3000
20230522	13:47:29	ac6dec48-e2e9-4b8d-8aaf-e75ced0a20e6	GET	/api/refresh	http://localhost:3000
20230522	13:51:09	4b9120dd-440d-4fdd-b80c-115c4915ce0d	POST	/api/login	http://localhost:3000
20230522	13:51:09	1e6a8854-211e-45a4-ba1f-b58b599306f0	GET	/api/todos	http://localhost:3000
20230522	13:51:17	9f90609f-3789-462f-a2a0-b4199a876e30	POST	/api/todos	http://localhost:3000
20230522	13:51:17	8f39f2be-36c5-4c5c-8fe0-1f18035bda13	POST	/api/todos	http://localhost:3000
20230522	13:51:17	bc6ff5bd-9bae-47ab-81c0-cc05d265aec2	GET	/api/todos	http://localhost:3000
20230522	13:52:13	559a90e9-a3d5-4b17-b822-621dd46d0248	POST	/api/todos	http://localhost:3000
20230522	13:52:13	81914c35-eaba-4540-aae0-d9e7ea248c83	POST	/api/todos	http://localhost:3000
20230522	13:52:13	6cd0141d-aa7a-4f6d-b607-a3a64257d50d	GET	/api/todos	http://localhost:3000
20230522	14:09:33	88c05462-6a78-4b7d-8aac-585a9f69a935	POST	/api/login	http://localhost:3000
20230522	14:09:33	07776094-3121-47ea-b391-ecbbca4f8417	GET	/api/todos	http://localhost:3000
20230522	17:56:35	81954c65-6753-4873-8e68-91a86cbf2b57	POST	/api/login	http://localhost:3000
20230522	17:56:36	1df89e79-021f-4639-944e-7e48f50d344d	GET	/api/todos	http://localhost:3000
20230522	17:59:23	1dd8d886-56e2-46d7-9699-d8e1fdb5cfed	POST	/api/login	http://localhost:3000
20230522	17:59:24	b2b3367c-780f-4a77-9ef6-10bbbacd31af	GET	/api/todos	http://localhost:3000
20230522	18:06:17	16d5e954-832e-4225-a13e-6d220da21e50	POST	/api/login	http://localhost:3000
20230522	18:06:17	ad278670-98c3-41bb-baf1-401cc5da4ba6	GET	/api/todos	http://localhost:3000
20230522	18:09:44	04a34800-ff98-41f0-b7fc-3533e480abe3	POST	/api/login	http://localhost:3000
20230522	18:09:45	81ad04b9-029e-4355-8471-fb6e86ab51d6	GET	/api/todos	http://localhost:3000
20230522	18:12:31	c1e707f6-e042-4066-8026-ad8c251732e9	POST	/api/login	http://localhost:3000
20230522	18:12:32	d2f968a8-c4ec-447f-a8db-9b38b4b50bb0	GET	/api/todos	http://localhost:3000
20230522	18:23:58	2ebd1998-c4f2-4dcc-b142-bcc017e37061	POST	/api/login	http://localhost:3000
20230522	18:23:58	f4f7eb86-d45f-4b30-9732-a9e16cafb594	GET	/api/todos	http://localhost:3000
20230522	18:23:58	4132a7ba-d828-45ee-856b-580e78a65c6d	GET	/api/refresh	http://localhost:3000
20230522	18:32:25	e61aa773-f214-4bc6-9885-922a5abd68b6	POST	/api/login	http://localhost:3000
20230522	18:32:25	ce86bba9-7323-404f-8270-24a529ca0947	GET	/api/todos	http://localhost:3000
20230522	18:32:25	b1c91739-2395-4ec0-87be-2f88f01e85d7	GET	/api/refresh	http://localhost:3000
20230522	18:36:31	c6e092b8-8b6a-4fd3-af24-a885f092146c	POST	/api/login	http://localhost:3000
20230522	18:36:31	219af53e-548b-4957-aa73-623e7470ca10	GET	/api/todos	http://localhost:3000
20230522	18:45:47	2e4c603d-dee2-4756-adbd-39858da6caf1	POST	/api/login	http://localhost:3000
20230522	18:45:47	9f3d9e0e-1ff7-4792-805c-8ea74197ddc6	GET	/api/todos	http://localhost:3000
20230522	18:45:47	a308d4af-2bf1-458d-8522-349b79d89553	GET	/api/refresh	http://localhost:3000
20230522	18:46:45	d5c94403-bb35-40f8-9038-670ee27b58c3	POST	/api/login	http://localhost:3000
20230522	18:46:46	0d350af0-0015-45c9-897d-f538c2b54232	GET	/api/todos	http://localhost:3000
20230522	18:46:46	4f45d062-1448-431f-99da-aebba6e9bcad	GET	/api/refresh	http://localhost:3000
20230522	18:51:49	710865f8-c3d9-4d6c-961e-f8d91e98c8fd	POST	/api/login	http://localhost:3000
20230522	18:51:49	467691f8-6df9-43f0-af1d-de7d96b25979	GET	/api/todos	http://localhost:3000
20230522	18:51:49	e23ba1ab-c54a-43d3-8944-596a3b1dd30e	GET	/api/refresh	http://localhost:3000
20230522	18:53:24	1d7b0c61-d35d-4d65-ad70-e8aa3c88bc67	POST	/api/login	http://localhost:3000
20230522	18:53:24	9655fe2c-321d-4252-86ad-163270114b2f	GET	/api/todos	http://localhost:3000
20230522	18:53:25	bddfc547-7fe1-4b89-a5eb-acb632ca5c6e	GET	/api/refresh	http://localhost:3000
20230522	18:55:43	a7f8b5dc-903b-47bc-bad5-d04f9e50713d	POST	/api/login	http://localhost:3000
20230522	18:55:44	6fe358d6-416e-4419-9d5a-dcfd654d489d	GET	/api/todos	http://localhost:3000
20230522	18:55:44	24f6245f-6d82-4450-87b3-141be6876855	GET	/api/refresh	http://localhost:3000
20230522	19:00:21	cfd7c7df-4ca3-4b00-9fd9-f76d1b0e6671	POST	/api/login	http://localhost:3000
20230522	19:00:21	ea388106-bf87-44f1-b380-194a537a8f37	GET	/api/todos	http://localhost:3000
20230522	19:00:21	349458b8-5604-4815-aa9b-12c08b4ac5d9	GET	/api/refresh	http://localhost:3000
20230522	19:01:05	1390bf04-2023-4a5e-8392-aa325c651057	POST	/api/login	http://localhost:3000
20230522	19:01:05	55dc5237-cf39-4889-b23c-f54a8252ae3d	GET	/api/todos	http://localhost:3000
20230522	19:01:06	760c6857-ab1f-4fef-8bcb-2f55fd9e2639	GET	/api/refresh	http://localhost:3000
20230522	19:01:48	61cccfeb-c469-44e4-a857-85a2f3ca47e6	POST	/api/login	http://localhost:3000
20230522	19:01:48	c6d4756f-71ee-49dc-bb4d-b5022ee300eb	GET	/api/todos	http://localhost:3000
20230522	19:02:31	92554b56-8023-4939-a4ec-4b0856d7c960	POST	/api/login	http://localhost:3000
20230522	19:02:31	a2ac2ca2-58c8-482c-b876-3442ead96fd1	GET	/api/todos	http://localhost:3000
20230522	19:08:54	2f896bc1-e87a-4674-ae7b-9ee78bc0487d	POST	/api/login	http://localhost:3000
20230522	19:08:54	4d99eced-fd25-43ef-b4ef-5a9f632b552c	GET	/api/todos	http://localhost:3000
20230522	19:10:10	b6643ec8-8f08-4e85-a8cf-f9685dbe44ee	POST	/api/login	http://localhost:3000
20230522	19:10:11	9a1ae26e-4db3-4bad-a222-c2bcbcd90e3c	GET	/api/todos	http://localhost:3000
20230522	19:13:09	90d9cb7c-6837-4b9e-ad20-1aec96defde6	POST	/api/login	http://localhost:3000
20230522	19:13:10	bf4507b6-3c47-4ab3-849b-ce37661600b3	GET	/api/todos	http://localhost:3000
20230522	19:16:27	1b70d095-5a18-4f28-9662-afcc552cee4f	POST	/api/todos	http://localhost:3000
20230522	19:16:27	021596e4-0c94-49ea-a963-0bd703157e35	POST	/api/todos	http://localhost:3000
20230522	19:16:27	012f3dee-4e70-4057-851b-f908b150c457	GET	/api/todos	http://localhost:3000
20230522	19:16:53	c6e274cd-2ad1-41dc-a90c-85cb7d0a051f	POST	/api/todos	http://localhost:3000
20230522	19:16:53	2f7a859d-7fac-475c-88f2-684ca0e3dcbb	POST	/api/todos	http://localhost:3000
20230522	19:16:53	b96b9a91-7fb0-4b7d-bb8a-b731fef158ad	GET	/api/todos	http://localhost:3000
20230522	19:28:28	0b9ddd55-992e-4c63-88c0-765c559481cb	POST	/api/login	http://localhost:3000
20230522	19:28:28	2872e718-2b81-444a-af5e-176802221bc5	GET	/api/todos	http://localhost:3000
20230522	19:28:39	da611673-e1b6-498c-86c2-f20f66083297	POST	/api/todos	http://localhost:3000
20230522	19:28:39	e7bda8fa-7042-4e71-a89a-5ea23a0a745b	POST	/api/todos	http://localhost:3000
20230522	19:28:40	42f567a5-2329-4917-8056-8a6b26ca079d	GET	/api/todos	http://localhost:3000
